<?xml version="1.0" encoding="UTF-8"?>
<!-- Generated by org.testng.reporters.JUnitReportReporter -->
<testsuite hostname="LAPTOP-SDCFV55J" failures="0" tests="1" name="com.stctv.tests.MyTest" time="101.802" errors="0" timestamp="2025-03-23T23:53:19 IST" skipped="0">
  <testcase classname="com.stctv.tests.MyTest" name="firstTest" time="101.802"/>
</testsuite> <!-- com.stctv.tests.MyTest -->
